[⬆302s] make[3] -C target/linux compile
[⬆30s]  make[3] -C package/libs/libpcap compile
[⬆10s]  make[3] -C feeds/packages/libs/libcap-ng compile
[⬆22s]  make[3] -C feeds/packages/libs/libwebp compile
[⬆12s]  make[3] -C feeds/packages/utils/coremark compile
[⬆15s]  make[3] -C feeds/packages/libs/libmspack compile
[⬆10s]  make[3] -C feeds/packages/libs/glib2 host-compile
[⬆26s]  make[3] -C package/libs/libubox compile
[⬆11s]  make[3] -C package/libs/gettext-full host-compile
[⬆21s]  make[3] -C feeds/packages/libs/libvorbis compile
[⬆10s]  make[3] -C package/network/ipv6/odhcp6c compile
[⬆17s]  make[3] -C feeds/packages/admin/htop compile
[⬆20s]  make[3] -C package/kernel/cryptodev-linux compile
[⬆26s]  make[3] -C package/kernel/r8168 compile
[⬆34s]  make[3] -C package/network/services/shellsync compile
[⬆11s]  make[3] -C package/utils/busybox compile
[⬆16s]  make[3] -C feeds/luci/contrib/package/lucihttp compile
[⬆10s]  make[3] -C package/custom_packages/mosdns/v2dat compile
[⬆10s]  make[3] -C feeds/packages/utils/bash compile
[⬆20s]  make[3] -C feeds/helloworld/dnsproxy compile
[⬆14s]  make[3] -C feeds/passwall_packages/v2ray-plugin compile
[⬆11s]  make[3] -C feeds/passwall_packages/xray-core compile
[⬆19s]  make[3] -C feeds/packages/net/cloudflared compile
[⬆12s]  make[3] -C package/utils/f2fs-tools compile
[⬆12s]  make[3] -C package/network/utils/iproute2 compile
[⬆11s]  make[3] -C feeds/passwall_packages/trojan-plus compile
[⬆15s]  make[3] -C package/network/services/uhttpd compile
[⬆60s]  make[3] -C feeds/packages/net/strongswan compile
[⬆142s] make[3] -C feeds/packages/lang/python/python3 compile
[⬆10s]  make[3] -C package/custom_packages/luci-app-argon-config compile
[⬆29s]  make[3] -C package/boot/grub2 compile
[⬆32s]  make[3] -C feeds/luci/applications/luci-app-zerotier compile
[⬆193s] make[3] -C feeds/luci/applications/luci-app-minidlna compile
[⬆22s]  make[3] -C feeds/packages/net/ddns-scripts compile
[⬆236s] make[3] -C feeds/packages/net/ddns-scripts_dnspod compile
[⬆145s] make[3] -C feeds/luci/applications/luci-app-netdata compile
[⬆13s]  make[3] -C feeds/passwall_packages/shadowsocks-rust compile
[⬆186s] make[3] -C feeds/packages/net/rustdesk-server compile
[⬆24s]  make[3] -C feeds/packages/libs/gnutls compile
[⬆40s]  make[3] -C feeds/packages/libs/rpcsvc-proto host-compile
[⬆117s] make[3] -C feeds/packages/utils/open-vm-tools compile
[⬆76s]  make[3] -C feeds/OpenClash/luci-app-openclash compile
[⬆39s]  make[3] -C feeds/luci/applications/luci-app-rustdesk-server compile
[⬆546s] make[3] -C feeds/helloworld/luci-app-ssr-plus compile
[⬆39s]  make[3] -C feeds/packages/utils/smartmontools compile
[⬆530s] make[3] -C feeds/luci/applications/luci-app-wechatpush compile
[⬆222s] make[3] -C feeds/luci/applications/luci-app-samba4 compile
