<details> <summary> <b>helloworld new commit log :new: </b>  </summary>

SHA|Author|Date|Message
-|-|-|-
24a191c|coolsnowwolf|Fri Sep 13 10:17:51 2024 +0800| xray-core: update to 1.8.24
f14e3d7|coolsnowwolf|Fri Sep 13 10:16:58 2024 +0800|Merge pull request #1522 from zxlhhyccc/patch-65
1c84875|coolsnowwolf|Fri Sep 13 10:16:41 2024 +0800|Merge pull request #1531 from zxlhhyccc/patch-68
3bd4209|coolsnowwolf|Fri Sep 13 10:16:24 2024 +0800|Merge pull request #1534 from zxlhhyccc/patch-69
ebc66b8|coolsnowwolf|Fri Sep 13 10:16:07 2024 +0800|Merge pull request #1538 from zxlhhyccc/patch-71
1a6f9eb|zxl hhyccc|Fri Sep 13 00:01:43 2024 +0800|naiveproxy: Update to 128.0.6613.40-3
a81b5b3|zxl hhyccc|Sun Sep 8 21:20:57 2024 +0800|Fixed a subscription configuration import issue
d71ea5b|zxl hhyccc|Sun Sep 8 21:18:13 2024 +0800|Fixed a subscription configuration import issue
8c8a908|zxl hhyccc|Sun Sep 8 21:16:07 2024 +0800|Fixed a subscription configuration import issue
2d28b14|zxl hhyccc|Sun Sep 8 21:13:09 2024 +0800|Fixed a subscription configuration import issue
39fa415|zxl hhyccc|Tue Sep 3 22:19:28 2024 +0800|gn: Update to git HEAD
0d165d2|zxl hhyccc|Tue Sep 3 22:18:31 2024 +0800|gn: Update to git HEAD
616f5da|zxl hhyccc|Sun Sep 1 00:20:20 2024 +0800|naiveproxy: update to 128.0.6613.40-1
bcec51f|zxl hhyccc|Sun Sep 1 00:18:37 2024 +0800|naiveproxy: update to 128.0.6613.40-1
bdb993f|zxl hhyccc|Sun Aug 18 13:38:34 2024 +0800|chinadns-ng: update to 2024.07.21
23e50e7|zxl hhyccc|Sat Aug 17 17:28:04 2024 +0800|chinadns-ng: update to 2024.07.21
f6600cb|zxl hhyccc|Sat Aug 17 16:38:46 2024 +0800|chinadns-ng: update to 2024.07.21
</details>
