<details> <summary> <b>helloworld new commit log :new: </b>  </summary>

SHA|Author|Date|Message
-|-|-|-
2bea2ad|coolsnowwolf|Sat Jan 18 15:32:33 2025 +0800|Merge pull request #1659 from zxlhhyccc/patch-2
89476a1|coolsnowwolf|Sat Jan 18 15:32:07 2025 +0800|Merge pull request #1663 from zxlhhyccc/xhttp
0af4a2c|coolsnowwolf|Sat Jan 18 15:31:51 2025 +0800|Merge pull request #1664 from zxlhhyccc/patch-3
90fb579|coolsnowwolf|Sat Jan 18 15:31:39 2025 +0800|Merge pull request #1665 from zxlhhyccc/patch-4
3fa04bf|coolsnowwolf|Sat Jan 18 15:31:28 2025 +0800|Merge pull request #1666 from zxlhhyccc/patch-5
6fd932f|coolsnowwolf|Sat Jan 18 15:31:02 2025 +0800|Merge pull request #1661 from zxlhhyccc/re
8decd72|coolsnowwolf|Sat Jan 18 15:30:18 2025 +0800|Merge pull request #1658 from zxlhhyccc/patch-1
32940b9|coolsnowwolf|Sat Jan 18 15:29:57 2025 +0800|Merge pull request #1667 from zxlhhyccc/patch-6
3c5883a|zxlhhyccc|Sun Jan 12 00:07:17 2025 +0800|luci-app-ssr-plus: Add Xray new version `XHTTP` transport (formerly `SplitHTTP` transport) support.
feeb290|zxl hhyccc|Sun Jan 12 23:09:08 2025 +0800|luci-app-ssr-plus: Update backup time format.
700a053|zxl hhyccc|Sun Jan 12 22:00:16 2025 +0800|shadowsocks-rust: update to 1.22.0
35792ab|zxl hhyccc|Sun Jan 12 21:58:52 2025 +0800|v2ray-core: update to 5.24.0
ed7def9|zxl hhyccc|Sun Jan 12 21:57:36 2025 +0800|xray-core: update to 25.1.1
f35893c|zxlhhyccc|Fri Jan 10 22:23:13 2025 +0800|luci-app-ssr-plus: optimize the backup and restore page.
0b38cfe|zxl hhyccc|Tue Jan 7 00:55:10 2025 +0800|luci-app-ssr-plus: luci-app-ssr-plus.json: Fix `www/cgi-bin/luci` erro issues.
f4aca46|zxl hhyccc|Tue Jan 7 00:16:24 2025 +0800|luci-app-ssr-plus: gen_config.lua: Fix `scoks` is global server not run issues.
</details>
